<?xml version="1.0" encoding="UTF-8"?>
<!-- Generated by org.testng.reporters.JUnitReportReporter -->
<testsuite hostname="DESKTOP-7JIHNH1" failures="0" tests="1" name="org.test.testruns.Testscript" time="89.816" errors="0" timestamp="2023-09-11T14:13:45 IST" skipped="0">
  <testcase classname="org.test.testruns.Testscript" name="firsttestcase" time="89.816"/>
</testsuite> <!-- org.test.testruns.Testscript -->
